-------------------------------------------------------------------------------
Test set: hu.bme.iet_hf_group.wizard.uiTests.MenuFrameTest
-------------------------------------------------------------------------------
Tests run: 9, Failures: 0, Errors: 9, Skipped: 0, Time elapsed: 0.509 s <<< FAILURE! - in hu.bme.iet_hf_group.wizard.uiTests.MenuFrameTest
testLabelNumberOfPlayers  Time elapsed: 0.166 s  <<< ERROR!
java.lang.NullPointerException
	at hu.bme.iet_hf_group.wizard.uiTests.MenuFrameTest.onSetUp(MenuFrameTest.java:25)

testButtonClickNewGame  Time elapsed: 0.039 s  <<< ERROR!
java.lang.NullPointerException
	at hu.bme.iet_hf_group.wizard.uiTests.MenuFrameTest.onSetUp(MenuFrameTest.java:25)

testTextFieldPlayerCountMaxLengthLimited  Time elapsed: 0.009 s  <<< ERROR!
java.lang.NullPointerException
	at hu.bme.iet_hf_group.wizard.uiTests.MenuFrameTest.onSetUp(MenuFrameTest.java:25)

testButtonNewGame  Time elapsed: 0.089 s  <<< ERROR!
java.lang.NullPointerException
	at hu.bme.iet_hf_group.wizard.uiTests.MenuFrameTest.onSetUp(MenuFrameTest.java:25)

testButtonLoadGame  Time elapsed: 0.012 s  <<< ERROR!
java.lang.NullPointerException
	at hu.bme.iet_hf_group.wizard.uiTests.MenuFrameTest.onSetUp(MenuFrameTest.java:25)

testTextFieldPlayerCount  Time elapsed: 0.069 s  <<< ERROR!
java.lang.NullPointerException
	at hu.bme.iet_hf_group.wizard.uiTests.MenuFrameTest.onSetUp(MenuFrameTest.java:25)

testTextFieldPlayerCountOnlyNumericalValueAllowed  Time elapsed: 0.017 s  <<< ERROR!
java.lang.NullPointerException
	at hu.bme.iet_hf_group.wizard.uiTests.MenuFrameTest.onSetUp(MenuFrameTest.java:25)

testWindowTitle  Time elapsed: 0.024 s  <<< ERROR!
java.lang.NullPointerException
	at hu.bme.iet_hf_group.wizard.uiTests.MenuFrameTest.onSetUp(MenuFrameTest.java:25)

testLabelTitle  Time elapsed: 0.079 s  <<< ERROR!
java.lang.NullPointerException
	at hu.bme.iet_hf_group.wizard.uiTests.MenuFrameTest.onSetUp(MenuFrameTest.java:25)

